<?xml version="1.0" encoding="UTF-8"?>
<!-- Generated by org.testng.reporters.JUnitReportReporter -->
<testsuite skipped="0" hostname="BDC3-DX-BRCJ882" name="SDET.SDET.Login" tests="1" failures="0" timestamp="08 Mar 2019 05:54:44 GMT" time="6.025" errors="0">
  <testcase name="login" time="6.025" classname="SDET.SDET.Login"/>
</testsuite> <!-- SDET.SDET.Login -->
